<?xml version="1.0" encoding="UTF-8"?>
<!-- Generated by org.testng.reporters.JUnitReportReporter -->
<testsuite skipped="0" hostname="LHTU02TK95206KP" name="testcases.ClassRegistration" tests="1" failures="0" timestamp="09 Feb 2021 18:21:33 GMT" time="12.583" errors="0">
  <testcase name="classRegistration" time="12.583" classname="testcases.ClassRegistration"/>
</testsuite> <!-- testcases.ClassRegistration -->
